<?xml version="1.0" encoding="UTF-8"?>
<!-- Generated by org.testng.reporters.JUnitXMLReporter -->
<testsuite hostname="YP1009097DT" ignored="0" name="SeleniumPracticeRegression" tests="8" failures="2" timestamp="27 May 2019 08:42:14 GMT" time="11.842" errors="0">
  <testcase name="deleteEmployeeWithJSONStringTest" time="9.434" classname="com.EmployeManagement.tests.EmployeeManagementTest"/>
  <testcase name="deleteEmployeeWithPayloadTest" time="1.274" classname="com.EmployeManagement.tests.EmployeeManagementTest">
    <failure type="java.lang.AssertionError" message="expected [200] but found [204]">
      <![CDATA[java.lang.AssertionError: expected [200] but found [204]
at com.EmployeManagement.tests.EmployeeManagementTest.deleteEmployeeWithPayloadTest(EmployeeManagementTest.java:48)
at java.util.concurrent.ThreadPoolExecutor.runWorker(ThreadPoolExecutor.java:1142)
at java.util.concurrent.ThreadPoolExecutor$Worker.run(ThreadPoolExecutor.java:617)
at java.lang.Thread.run(Thread.java:745)
... Removed 16 stack frames]]>
    </failure>
  </testcase> <!-- deleteEmployeeWithPayloadTest -->
  <testcase name="getAllEmployeesTest" time="0.18" classname="com.EmployeManagement.tests.EmployeeManagementTest"/>
  <testcase name="getEmployeeTest" time="0.198" classname="com.EmployeManagement.tests.EmployeeManagementTest"/>
  <testcase name="postEmployeeWithJSONStringTest" time="0.119" classname="com.EmployeManagement.tests.EmployeeManagementTest"/>
  <testcase name="postEmployeeWithPayloadTest" time="0.175" classname="com.EmployeManagement.tests.EmployeeManagementTest"/>
  <testcase name="putEmployeeWithJSONStringTest" time="0.125" classname="com.EmployeManagement.tests.EmployeeManagementTest"/>
  <testcase name="putEmployeeWithPayloadTest" time="0.068" classname="com.EmployeManagement.tests.EmployeeManagementTest">
    <failure type="java.lang.AssertionError" message="expected [200] but found [204]">
      <![CDATA[java.lang.AssertionError: expected [200] but found [204]
at com.EmployeManagement.tests.EmployeeManagementTest.putEmployeeWithPayloadTest(EmployeeManagementTest.java:38)
at java.util.concurrent.ThreadPoolExecutor.runWorker(ThreadPoolExecutor.java:1142)
at java.util.concurrent.ThreadPoolExecutor$Worker.run(ThreadPoolExecutor.java:617)
at java.lang.Thread.run(Thread.java:745)
... Removed 16 stack frames]]>
    </failure>
  </testcase> <!-- putEmployeeWithPayloadTest -->
</testsuite> <!-- SeleniumPracticeRegression -->
